/*C1*/SET SCHEMA SYSTEM_LOBS
INSERT INTO BLOCKS VALUES(0,2147483647,0)
COMMIT
/*C2*/SET SCHEMA PUBLIC
CREATE TABLE IF NOT EXISTS AL_CONFIGURATION ( PROPERTY_NAME VARCHAR(255) NOT NULL UNIQUE , PROPERTY_VALUE LONGVARCHAR ) 
CREATE TABLE IF NOT EXISTS AL_GROUPS ( GROUP_NAME VARCHAR(255) NOT NULL PRIMARY KEY , DESCRIPTION LONGVARCHAR ) 
CREATE TABLE IF NOT EXISTS AL_TABLES ( TABLE_NAME VARCHAR(255) NOT NULL PRIMARY KEY , GROUP_NAME VARCHAR(255) , DESCRIPTION LONGVARCHAR ) 
CREATE TABLE IF NOT EXISTS AL_CUSTOM_TYPE ( TABLE_NAME VARCHAR(255) , COLUMN_NAME VARCHAR(255) , TYPE VARCHAR(255) , NAME VARCHAR(255) ) 
CREATE TABLE IF NOT EXISTS AL_VIEWS ( VIEW_NAME VARCHAR(255) NOT NULL UNIQUE , VIEW_DEFINITION LONGVARCHAR , IS_VALID BOOLEAN ) 
CREATE TABLE IF NOT EXISTS AL_SELECTED_LOG_OBJECTS ( NAME VARCHAR(255) NOT NULL UNIQUE , TYPE VARCHAR(255) ) 
CREATE TABLE IF NOT EXISTS AL_DB_OBJECTS ( NAME VARCHAR(255) NOT NULL UNIQUE , TYPE VARCHAR(255) , USAGE VARCHAR(255) ) 
INSERT INTO AL_CONFIGURATION VALUES('VERSION','7.2.0')
INSERT INTO AL_SELECTED_LOG_OBJECTS VALUES('agents_log','VIEW')
INSERT INTO AL_SELECTED_LOG_OBJECTS VALUES('library_blocks_log','VIEW')
INSERT INTO AL_SELECTED_LOG_OBJECTS VALUES('agent_parameters_log','VIEW')
INSERT INTO AL_SELECTED_LOG_OBJECTS VALUES('library_block_parameters_log','VIEW')
INSERT INTO AL_SELECTED_LOG_OBJECTS VALUES('agent_movement_log','VIEW')
INSERT INTO AL_SELECTED_LOG_OBJECTS VALUES('agent_movement_stats_log','VIEW')
INSERT INTO AL_SELECTED_LOG_OBJECTS VALUES('agent_messages_log','VIEW')
INSERT INTO AL_SELECTED_LOG_OBJECTS VALUES('events_log','VIEW')
INSERT INTO AL_SELECTED_LOG_OBJECTS VALUES('flowchart_entries_log','VIEW')
INSERT INTO AL_SELECTED_LOG_OBJECTS VALUES('flowchart_process_states_log','VIEW')
INSERT INTO AL_SELECTED_LOG_OBJECTS VALUES('flowchart_stats_time_in_state_log','VIEW')
INSERT INTO AL_SELECTED_LOG_OBJECTS VALUES('resource_unit_states_log','VIEW')
INSERT INTO AL_SELECTED_LOG_OBJECTS VALUES('resource_unit_task_stats_log','VIEW')
INSERT INTO AL_SELECTED_LOG_OBJECTS VALUES('resource_pool_task_stats_log','VIEW')
INSERT INTO AL_SELECTED_LOG_OBJECTS VALUES('resource_pool_utilization_log','VIEW')
INSERT INTO AL_SELECTED_LOG_OBJECTS VALUES('resource_unit_utilization_log','VIEW')
INSERT INTO AL_SELECTED_LOG_OBJECTS VALUES('fluid_units_log','VIEW')
INSERT INTO AL_SELECTED_LOG_OBJECTS VALUES('fluid_storages_log','VIEW')
INSERT INTO AL_SELECTED_LOG_OBJECTS VALUES('fluid_rates_log','VIEW')
INSERT INTO AL_SELECTED_LOG_OBJECTS VALUES('fluid_utilization_log','VIEW')
INSERT INTO AL_SELECTED_LOG_OBJECTS VALUES('statechart_transitions_log','VIEW')
INSERT INTO AL_SELECTED_LOG_OBJECTS VALUES('agent_statechart_states_log','VIEW')
INSERT INTO AL_SELECTED_LOG_OBJECTS VALUES('agent_statechart_stats_log','VIEW')
INSERT INTO AL_SELECTED_LOG_OBJECTS VALUES('agent_type_statechart_stats_log','VIEW')
INSERT INTO AL_SELECTED_LOG_OBJECTS VALUES('statistics_log','VIEW')
INSERT INTO AL_SELECTED_LOG_OBJECTS VALUES('datasets_log','VIEW')
INSERT INTO AL_SELECTED_LOG_OBJECTS VALUES('histograms_log','VIEW')
INSERT INTO AL_SELECTED_LOG_OBJECTS VALUES('trace_log','VIEW')
COMMIT
CREATE TABLE db_table ( al_id INT IDENTITY , db_column DOUBLE NULL ) 
INSERT INTO AL_TABLES VALUES('db_table',NULL,'')
COMMIT
DISCONNECT
/*C3*/SET SCHEMA PUBLIC
ALTER TABLE db_table RENAME TO resultados 
DELETE FROM AL_TABLES WHERE TABLE_NAME='db_table'
INSERT INTO AL_TABLES VALUES('resultados',NULL,'')
COMMIT
ALTER TABLE resultados ALTER COLUMN db_column RENAME TO classificadores 
ALTER TABLE resultados ALTER COLUMN classificadores SET LONGVARCHAR 
ALTER TABLE resultados ALTER COLUMN classificadores SET INTEGER 
DISCONNECT
/*C4*/SET SCHEMA PUBLIC
ALTER TABLE resultados ADD COLUMN db_column DOUBLE NULL 
DISCONNECT
/*C5*/SET SCHEMA PUBLIC
ALTER TABLE resultados ALTER COLUMN db_column RENAME TO operador_ocioso 
ALTER TABLE resultados ALTER COLUMN operador_ocioso SET LONGVARCHAR 
ALTER TABLE resultados ALTER COLUMN operador_ocioso SET BOOLEAN 
DISCONNECT
/*C6*/SET SCHEMA PUBLIC
ALTER TABLE resultados ADD COLUMN db_column DOUBLE NULL 
DISCONNECT
/*C7*/SET SCHEMA PUBLIC
ALTER TABLE resultados ALTER COLUMN db_column RENAME TO tempo_maquinas 
ALTER TABLE resultados ALTER COLUMN tempo_maquinas SET LONGVARCHAR 
ALTER TABLE resultados ALTER COLUMN tempo_maquinas SET INTEGER 
DISCONNECT
/*C8*/SET SCHEMA PUBLIC
ALTER TABLE resultados ADD COLUMN db_column DOUBLE NULL 
DISCONNECT
/*C9*/SET SCHEMA PUBLIC
ALTER TABLE resultados ALTER COLUMN db_column RENAME TO equipamentos 
ALTER TABLE resultados ALTER COLUMN equipamentos SET LONGVARCHAR 
ALTER TABLE resultados ALTER COLUMN equipamentos SET INTEGER 
DISCONNECT
/*C10*/SET SCHEMA PUBLIC
ALTER TABLE resultados ADD COLUMN db_column DOUBLE NULL 
DISCONNECT
/*C11*/SET SCHEMA PUBLIC
ALTER TABLE resultados ALTER COLUMN db_column RENAME TO corta_os_graos 
ALTER TABLE resultados ALTER COLUMN corta_os_graos SET LONGVARCHAR 
ALTER TABLE resultados ALTER COLUMN corta_os_graos SET INTEGER 
DISCONNECT
/*C12*/SET SCHEMA PUBLIC
ALTER TABLE resultados ADD COLUMN db_column DOUBLE NULL 
DISCONNECT
/*C13*/SET SCHEMA PUBLIC
ALTER TABLE resultados ALTER COLUMN db_column RENAME TO data_chegada 
ALTER TABLE resultados ALTER COLUMN data_chegada SET LONGVARCHAR 
ALTER TABLE resultados ALTER COLUMN data_chegada SET TIMESTAMP 
DISCONNECT
/*C14*/SET SCHEMA PUBLIC
ALTER TABLE resultados ADD COLUMN db_column DOUBLE NULL 
DISCONNECT
/*C15*/SET SCHEMA PUBLIC
ALTER TABLE resultados ALTER COLUMN db_column RENAME TO data_saida 
ALTER TABLE resultados ALTER COLUMN data_saida SET LONGVARCHAR 
ALTER TABLE resultados ALTER COLUMN data_saida SET TIMESTAMP 
DISCONNECT
/*C16*/SET SCHEMA PUBLIC
ALTER TABLE resultados ADD COLUMN db_column DOUBLE NULL 
DISCONNECT
/*C17*/SET SCHEMA PUBLIC
ALTER TABLE resultados ALTER COLUMN db_column RENAME TO tempo_fila 
ALTER TABLE resultados ADD COLUMN db_column DOUBLE NULL 
DISCONNECT
/*C18*/SET SCHEMA PUBLIC
ALTER TABLE resultados ALTER COLUMN db_column RENAME TO tempo_processamento 
CREATE CACHED TABLE resultados1 ( al_id INT IDENTITY , classificadores INTEGER NULL , operador_ocioso BOOLEAN NULL , tempo_maquinas INTEGER NULL , equipamentos INTEGER NULL , corta_os_graos INTEGER NULL , data_chegada TIMESTAMP NULL , data_saida TIMESTAMP NULL , tempo_fila DOUBLE NULL , tempo_processamento DOUBLE NULL ) 
INSERT INTO AL_TABLES VALUES('resultados1',NULL,'')
COMMIT
DROP TABLE resultados CASCADE 
DELETE FROM AL_TABLES WHERE TABLE_NAME='resultados'
COMMIT
ALTER TABLE resultados1 RENAME TO resultados 
DELETE FROM AL_TABLES WHERE TABLE_NAME='resultados1'
INSERT INTO AL_TABLES VALUES('resultados',NULL,'')
COMMIT
CREATE TABLE db_table ( al_id INT IDENTITY , db_column DOUBLE NULL ) 
INSERT INTO AL_TABLES VALUES('db_table',NULL,'')
COMMIT
DISCONNECT
/*C19*/SET SCHEMA PUBLIC
ALTER TABLE db_table RENAME TO chegadas 
DELETE FROM AL_TABLES WHERE TABLE_NAME='db_table'
INSERT INTO AL_TABLES VALUES('chegadas',NULL,'')
COMMIT
ALTER TABLE chegadas ALTER COLUMN db_column RENAME TO data_certa 
ALTER TABLE chegadas ALTER COLUMN data_certa SET LONGVARCHAR 
ALTER TABLE chegadas ALTER COLUMN data_certa SET TIMESTAMP 
DISCONNECT
/*C20*/SET SCHEMA PUBLIC
ALTER TABLE chegadas ADD COLUMN db_column DOUBLE NULL 
DISCONNECT
/*C21*/SET SCHEMA PUBLIC
ALTER TABLE chegadas ALTER COLUMN db_column RENAME TO peso_carga 
DISCONNECT
